Mon Aug 25 10:55:21 CST 2014:成功注册驱动程序com.mysql.jdbc.Driver
Mon Aug 25 10:55:21 CST 2014:成功注册驱动程序oracle.jdbc.driver.OracleDriver
Mon Aug 25 10:55:21 CST 2014:成功创建连接池localserver
Mon Aug 25 10:55:21 CST 2014:成功创建连接池localOracleserver
Mon Aug 25 10:55:21 CST 2014:成功创建连接池biwebserver
Mon Aug 25 10:55:21 CST 2014:成功创建连接池piwikwebserver
Mon Aug 25 10:55:21 CST 2014:成功创建连接池uploadwebserver
Mon Aug 25 10:55:21 CST 2014:成功创建连接池localODSserver
Mon Aug 25 10:55:22 CST 2014:连接池biwebserver创建一个新的连接
Mon Aug 25 10:59:33 CST 2014:成功注册驱动程序com.mysql.jdbc.Driver
Mon Aug 25 10:59:33 CST 2014:成功注册驱动程序oracle.jdbc.driver.OracleDriver
Mon Aug 25 10:59:33 CST 2014:成功创建连接池localserver
Mon Aug 25 10:59:33 CST 2014:成功创建连接池localOracleserver
Mon Aug 25 10:59:33 CST 2014:成功创建连接池biwebserver
Mon Aug 25 10:59:33 CST 2014:成功创建连接池piwikwebserver
Mon Aug 25 10:59:33 CST 2014:成功创建连接池uploadwebserver
Mon Aug 25 10:59:33 CST 2014:成功创建连接池localODSserver
Mon Aug 25 10:59:34 CST 2014:连接池biwebserver创建一个新的连接
Mon Aug 25 11:17:34 CST 2014:成功注册驱动程序com.mysql.jdbc.Driver
Mon Aug 25 11:17:34 CST 2014:成功注册驱动程序oracle.jdbc.driver.OracleDriver
Mon Aug 25 11:17:34 CST 2014:成功创建连接池localserver
Mon Aug 25 11:17:34 CST 2014:成功创建连接池localOracleserver
Mon Aug 25 11:17:34 CST 2014:成功创建连接池biwebserver
Mon Aug 25 11:17:34 CST 2014:成功创建连接池piwikwebserver
Mon Aug 25 11:17:34 CST 2014:成功创建连接池uploadwebserver
Mon Aug 25 11:17:34 CST 2014:成功创建连接池localODSserver
Mon Aug 25 11:17:35 CST 2014:连接池biwebserver创建一个新的连接
